<?xml version="1.0" encoding="UTF-8"?>
<testng-results skipped="0" failed="0" ignored="0" total="1" passed="1">
  <reporter-output>
  </reporter-output>
  <suite name="Surefire suite" duration-ms="45" started-at="2021-03-07T12:49:46 EST" finished-at="2021-03-07T12:49:46 EST">
    <groups>
    </groups>
    <test name="Surefire test" duration-ms="45" started-at="2021-03-07T12:49:46 EST" finished-at="2021-03-07T12:49:46 EST">
      <class name="grpQAclickAcademy.MavenJava.AppTest">
        <test-method status="PASS" signature="shouldAnswerWithTrue()" name="shouldAnswerWithTrue" duration-ms="7" started-at="2021-03-07T12:49:46 EST" finished-at="2021-03-07T12:49:46 EST">
          <reporter-output>
          </reporter-output>
        </test-method> <!-- shouldAnswerWithTrue -->
      </class> <!-- grpQAclickAcademy.MavenJava.AppTest -->
    </test> <!-- Surefire test -->
  </suite> <!-- Surefire suite -->
</testng-results>
