<?xml version="1.0" encoding="UTF-8"?>
<!-- Generated by org.testng.reporters.JUnitXMLReporter -->
<testsuite hostname="DESKTOP-7CV4BT7" ignored="0" name="Surefire test" tests="6" failures="0" timestamp="2021-03-07T12:49:46 EST" time="0.052" errors="0">
  <testcase name="fxAppium_1" time="0.005" classname="grpQAclickAcademy.MavenJava.ClsAppiumTest"/>
  <testcase name="fxAppium_2" time="0.0" classname="grpQAclickAcademy.MavenJava.ClsAppiumTest"/>
  <testcase name="fxRESTAPI_1" time="0.0" classname="grpQAclickAcademy.MavenJava.ClsRESTAPITest"/>
  <testcase name="fxRESTAPI_2" time="0.0" classname="grpQAclickAcademy.MavenJava.ClsRESTAPITest"/>
  <testcase name="fxSeleniumWeb1" time="0.001" classname="grpQAclickAcademy.MavenJava.ClsSeleniumTest"/>
  <testcase name="fxSeleniumWeb2" time="0.0" classname="grpQAclickAcademy.MavenJava.ClsSeleniumTest"/>
</testsuite> <!-- Surefire test -->
