<?xml version="1.0" encoding="UTF-8"?>
<testng-results skipped="0" failed="0" ignored="0" total="6" passed="6">
  <reporter-output>
  </reporter-output>
  <suite name="Surefire suite" duration-ms="52" started-at="2021-03-07T12:49:46 EST" finished-at="2021-03-07T12:49:46 EST">
    <groups>
    </groups>
    <test name="Surefire test" duration-ms="52" started-at="2021-03-07T12:49:46 EST" finished-at="2021-03-07T12:49:46 EST">
      <class name="grpQAclickAcademy.MavenJava.ClsSeleniumTest">
        <test-method status="PASS" signature="fxSeleniumWeb1()[pri:0, instance:grpQAclickAcademy.MavenJava.ClsSeleniumTest@64bfbc86]" name="fxSeleniumWeb1" duration-ms="1" started-at="2021-03-07T12:49:46 EST" finished-at="2021-03-07T12:49:46 EST">
          <reporter-output>
          </reporter-output>
        </test-method> <!-- fxSeleniumWeb1 -->
        <test-method status="PASS" signature="fxSeleniumWeb2()[pri:0, instance:grpQAclickAcademy.MavenJava.ClsSeleniumTest@64bfbc86]" name="fxSeleniumWeb2" duration-ms="0" started-at="2021-03-07T12:49:46 EST" finished-at="2021-03-07T12:49:46 EST">
          <reporter-output>
          </reporter-output>
        </test-method> <!-- fxSeleniumWeb2 -->
      </class> <!-- grpQAclickAcademy.MavenJava.ClsSeleniumTest -->
      <class name="grpQAclickAcademy.MavenJava.ClsAppiumTest">
        <test-method status="PASS" signature="fxAppium_1()[pri:0, instance:grpQAclickAcademy.MavenJava.ClsAppiumTest@5702b3b1]" name="fxAppium_1" duration-ms="5" started-at="2021-03-07T12:49:46 EST" finished-at="2021-03-07T12:49:46 EST">
          <reporter-output>
          </reporter-output>
        </test-method> <!-- fxAppium_1 -->
        <test-method status="PASS" signature="fxAppium_2()[pri:0, instance:grpQAclickAcademy.MavenJava.ClsAppiumTest@5702b3b1]" name="fxAppium_2" duration-ms="0" started-at="2021-03-07T12:49:46 EST" finished-at="2021-03-07T12:49:46 EST">
          <reporter-output>
          </reporter-output>
        </test-method> <!-- fxAppium_2 -->
      </class> <!-- grpQAclickAcademy.MavenJava.ClsAppiumTest -->
      <class name="grpQAclickAcademy.MavenJava.ClsRESTAPITest">
        <test-method status="PASS" signature="fxRESTAPI_2()[pri:0, instance:grpQAclickAcademy.MavenJava.ClsRESTAPITest@192b07fd]" name="fxRESTAPI_2" duration-ms="0" started-at="2021-03-07T12:49:46 EST" finished-at="2021-03-07T12:49:46 EST">
          <reporter-output>
          </reporter-output>
        </test-method> <!-- fxRESTAPI_2 -->
        <test-method status="PASS" signature="fxRESTAPI_1()[pri:0, instance:grpQAclickAcademy.MavenJava.ClsRESTAPITest@192b07fd]" name="fxRESTAPI_1" duration-ms="0" started-at="2021-03-07T12:49:46 EST" finished-at="2021-03-07T12:49:46 EST">
          <reporter-output>
          </reporter-output>
        </test-method> <!-- fxRESTAPI_1 -->
      </class> <!-- grpQAclickAcademy.MavenJava.ClsRESTAPITest -->
    </test> <!-- Surefire test -->
  </suite> <!-- Surefire suite -->
</testng-results>
