<?xml version="1.0" encoding="UTF-8"?>
<!-- Generated by org.testng.reporters.JUnitXMLReporter -->
<testsuite hostname="DESKTOP-7CV4BT7" ignored="0" name="Test" tests="4" failures="0" timestamp="2021-03-07T13:20:17 EST" time="0.05" errors="0">
  <testcase name="fxRESTAPI_1" time="0.004" classname="grpQAclickAcademy.MavenJava.ClsRESTAPITest"/>
  <testcase name="fxRESTAPI_2" time="0.0" classname="grpQAclickAcademy.MavenJava.ClsRESTAPITest"/>
  <testcase name="fxSeleniumWeb1" time="0.001" classname="grpQAclickAcademy.MavenJava.ClsSeleniumTest"/>
  <testcase name="fxSeleniumWeb2" time="0.0" classname="grpQAclickAcademy.MavenJava.ClsSeleniumTest"/>
</testsuite> <!-- Test -->
